[ 2018-01-12T13:55:58+08:00 ] ::1 /TP3.2Blog/
INFO: [ app_init ] --START--
INFO: Run Behavior\BuildLiteBehavior [ RunTime:0.000078s ]
INFO: [ app_init ] --END-- [ RunTime:0.023529s ]
INFO: [ app_begin ] --START--
INFO: Run Behavior\ReadHtmlCacheBehavior [ RunTime:0.017867s ]
INFO: [ app_begin ] --END-- [ RunTime:0.018257s ]
SQL: SHOW COLUMNS FROM `blog_cate` [ RunTime:0.0452s ]
SQL: SELECT * FROM `blog_cate` ORDER BY sort desc  [ RunTime:0.0191s ]
SQL: SHOW COLUMNS FROM `blog_link` [ RunTime:0.0638s ]
SQL: SELECT * FROM `blog_link` ORDER BY sort desc  [ RunTime:0.0565s ]
SQL: SHOW COLUMNS FROM `blog_article` [ RunTime:0.0383s ]
SQL: SELECT * FROM `blog_article` ORDER BY time desc LIMIT 4   [ RunTime:0.1626s ]
SQL: SELECT COUNT(*) AS tp_count FROM `blog_article` LIMIT 1   [ RunTime:0.0007s ]
SQL: SELECT * FROM `blog_article` ORDER BY time asc LIMIT 0,5   [ RunTime:0.0201s ]
INFO: [ view_parse ] --START--
INFO: [ template_filter ] --START--
INFO: Run Behavior\ContentReplaceBehavior [ RunTime:0.000381s ]
INFO: [ template_filter ] --END-- [ RunTime:0.000748s ]
NOTIC: [8] Undefined variable: current C:\wamp\www\TP3.2Blog\App\Runtime\Cache\Home\cdac79174c15306e6d18489b52381cb2.php 第 46 行.
NOTIC: [8] Undefined variable: current C:\wamp\www\TP3.2Blog\App\Runtime\Cache\Home\cdac79174c15306e6d18489b52381cb2.php 第 46 行.
NOTIC: [8] Undefined variable: current C:\wamp\www\TP3.2Blog\App\Runtime\Cache\Home\cdac79174c15306e6d18489b52381cb2.php 第 46 行.
NOTIC: [8] Undefined variable: current C:\wamp\www\TP3.2Blog\App\Runtime\Cache\Home\cdac79174c15306e6d18489b52381cb2.php 第 46 行.
NOTIC: [8] Undefined variable: current C:\wamp\www\TP3.2Blog\App\Runtime\Cache\Home\cdac79174c15306e6d18489b52381cb2.php 第 46 行.
NOTIC: [8] Undefined variable: current C:\wamp\www\TP3.2Blog\App\Runtime\Cache\Home\cdac79174c15306e6d18489b52381cb2.php 第 46 行.
INFO: Run Behavior\ParseTemplateBehavior [ RunTime:1.763923s ]
INFO: [ view_parse ] --END-- [ RunTime:1.764304s ]
INFO: [ view_filter ] --START--
INFO: Run Behavior\WriteHtmlCacheBehavior [ RunTime:0.043709s ]
INFO: [ view_filter ] --END-- [ RunTime:0.044069s ]
INFO: [ app_end ] --START--
INFO: Run Behavior\ShowPageTraceBehavior [ RunTime:0.095777s ]
INFO: [ app_end ] --END-- [ RunTime:0.096201s ]

