[ 2018-03-06T23:39:15+08:00 ] ::1 /TP3.2Blog/
INFO: [ app_init ] --START--
INFO: Run Behavior\BuildLiteBehavior [ RunTime:0.000182s ]
INFO: [ app_init ] --END-- [ RunTime:0.014152s ]
INFO: [ app_begin ] --START--
INFO: Run Behavior\ReadHtmlCacheBehavior [ RunTime:0.011633s ]
INFO: [ app_begin ] --END-- [ RunTime:0.012058s ]
SQL: SHOW COLUMNS FROM `blog_cate` [ RunTime:0.0998s ]
SQL: SELECT * FROM `blog_cate` ORDER BY sort desc  [ RunTime:0.0009s ]
SQL: SHOW COLUMNS FROM `blog_link` [ RunTime:0.0784s ]
SQL: SELECT * FROM `blog_link` ORDER BY sort desc  [ RunTime:0.0011s ]
SQL: SHOW COLUMNS FROM `blog_article` [ RunTime:0.0889s ]
SQL: SELECT * FROM `blog_article` ORDER BY time desc LIMIT 4   [ RunTime:0.0211s ]
SQL: SELECT COUNT(*) AS tp_count FROM `blog_article` LIMIT 1   [ RunTime:0.0005s ]
SQL: SELECT * FROM `blog_article` ORDER BY time asc LIMIT 0,5   [ RunTime:0.0012s ]
INFO: [ view_parse ] --START--
INFO: [ template_filter ] --START--
INFO: Run Behavior\ContentReplaceBehavior [ RunTime:0.000429s ]
INFO: [ template_filter ] --END-- [ RunTime:0.000882s ]
NOTIC: [8] Undefined variable: current C:\wamp\www\TP3.2Blog\App\Runtime\Cache\Home\cdac79174c15306e6d18489b52381cb2.php 第 46 行.
NOTIC: [8] Undefined variable: current C:\wamp\www\TP3.2Blog\App\Runtime\Cache\Home\cdac79174c15306e6d18489b52381cb2.php 第 46 行.
NOTIC: [8] Undefined variable: current C:\wamp\www\TP3.2Blog\App\Runtime\Cache\Home\cdac79174c15306e6d18489b52381cb2.php 第 46 行.
NOTIC: [8] Undefined variable: current C:\wamp\www\TP3.2Blog\App\Runtime\Cache\Home\cdac79174c15306e6d18489b52381cb2.php 第 46 行.
NOTIC: [8] Undefined variable: current C:\wamp\www\TP3.2Blog\App\Runtime\Cache\Home\cdac79174c15306e6d18489b52381cb2.php 第 46 行.
NOTIC: [8] Undefined variable: current C:\wamp\www\TP3.2Blog\App\Runtime\Cache\Home\cdac79174c15306e6d18489b52381cb2.php 第 46 行.
INFO: Run Behavior\ParseTemplateBehavior [ RunTime:0.375565s ]
INFO: [ view_parse ] --END-- [ RunTime:0.375953s ]
INFO: [ view_filter ] --START--
INFO: Run Behavior\WriteHtmlCacheBehavior [ RunTime:0.032151s ]
INFO: [ view_filter ] --END-- [ RunTime:0.032527s ]
INFO: [ app_end ] --START--
INFO: Run Behavior\ShowPageTraceBehavior [ RunTime:0.011304s ]
INFO: [ app_end ] --END-- [ RunTime:0.011905s ]

[ 2018-03-06T23:39:20+08:00 ] ::1 /TP3.2Blog/index.php/Home/Cate/index/id/5
INFO: [ app_init ] --START--
INFO: Run Behavior\BuildLiteBehavior [ RunTime:0.000113s ]
INFO: [ app_init ] --END-- [ RunTime:0.001737s ]
INFO: [ app_begin ] --START--
INFO: Run Behavior\ReadHtmlCacheBehavior [ RunTime:0.003039s ]
INFO: [ app_begin ] --END-- [ RunTime:0.003519s ]
SQL: SHOW COLUMNS FROM `blog_cate` [ RunTime:0.0120s ]
SQL: SELECT * FROM `blog_cate` ORDER BY sort desc  [ RunTime:0.0011s ]
SQL: SHOW COLUMNS FROM `blog_link` [ RunTime:0.0141s ]
SQL: SELECT * FROM `blog_link` ORDER BY sort desc  [ RunTime:0.0011s ]
SQL: SHOW COLUMNS FROM `blog_article` [ RunTime:0.0154s ]
SQL: SELECT * FROM `blog_article` ORDER BY time desc LIMIT 4   [ RunTime:0.0012s ]
SQL: SELECT COUNT(*) AS tp_count FROM `blog_article` WHERE `cateid` = 5 LIMIT 1   [ RunTime:0.0008s ]
SQL: SELECT * FROM `blog_article` WHERE `cateid` = 5 ORDER BY time asc LIMIT 0,2   [ RunTime:0.0008s ]
INFO: [ view_parse ] --START--
INFO: [ template_filter ] --START--
INFO: Run Behavior\ContentReplaceBehavior [ RunTime:0.000443s ]
INFO: [ template_filter ] --END-- [ RunTime:0.000827s ]
INFO: Run Behavior\ParseTemplateBehavior [ RunTime:0.085952s ]
INFO: [ view_parse ] --END-- [ RunTime:0.086606s ]
INFO: [ view_filter ] --START--
INFO: Run Behavior\WriteHtmlCacheBehavior [ RunTime:0.002334s ]
INFO: [ view_filter ] --END-- [ RunTime:0.002725s ]
INFO: [ app_end ] --START--
INFO: Run Behavior\ShowPageTraceBehavior [ RunTime:0.002628s ]
INFO: [ app_end ] --END-- [ RunTime:0.003048s ]

[ 2018-03-06T23:39:22+08:00 ] ::1 /TP3.2Blog/index.php/Home/Cate/index/id/6
INFO: [ app_init ] --START--
INFO: Run Behavior\BuildLiteBehavior [ RunTime:0.000088s ]
INFO: [ app_init ] --END-- [ RunTime:0.001760s ]
INFO: [ app_begin ] --START--
INFO: Run Behavior\ReadHtmlCacheBehavior [ RunTime:0.002353s ]
INFO: [ app_begin ] --END-- [ RunTime:0.002751s ]
SQL: SHOW COLUMNS FROM `blog_cate` [ RunTime:0.0126s ]
SQL: SELECT * FROM `blog_cate` ORDER BY sort desc  [ RunTime:0.0008s ]
SQL: SHOW COLUMNS FROM `blog_link` [ RunTime:0.0129s ]
SQL: SELECT * FROM `blog_link` ORDER BY sort desc  [ RunTime:0.0013s ]
SQL: SHOW COLUMNS FROM `blog_article` [ RunTime:0.0153s ]
SQL: SELECT * FROM `blog_article` ORDER BY time desc LIMIT 4   [ RunTime:0.0011s ]
SQL: SELECT COUNT(*) AS tp_count FROM `blog_article` WHERE `cateid` = 6 LIMIT 1   [ RunTime:0.0007s ]
SQL: SELECT * FROM `blog_article` WHERE `cateid` = 6 ORDER BY time asc LIMIT 0,2   [ RunTime:0.0008s ]
INFO: [ view_parse ] --START--
INFO: [ template_filter ] --START--
INFO: Run Behavior\ContentReplaceBehavior [ RunTime:0.000441s ]
INFO: [ template_filter ] --END-- [ RunTime:0.000828s ]
INFO: Run Behavior\ParseTemplateBehavior [ RunTime:0.057638s ]
INFO: [ view_parse ] --END-- [ RunTime:0.058040s ]
INFO: [ view_filter ] --START--
INFO: Run Behavior\WriteHtmlCacheBehavior [ RunTime:0.002079s ]
INFO: [ view_filter ] --END-- [ RunTime:0.002470s ]
INFO: [ app_end ] --START--
INFO: Run Behavior\ShowPageTraceBehavior [ RunTime:0.002817s ]
INFO: [ app_end ] --END-- [ RunTime:0.003219s ]

[ 2018-03-06T23:39:23+08:00 ] ::1 /TP3.2Blog/index.php/Index/index
INFO: [ app_init ] --START--
INFO: Run Behavior\BuildLiteBehavior [ RunTime:0.000075s ]
INFO: [ app_init ] --END-- [ RunTime:0.001563s ]
INFO: [ app_begin ] --START--
INFO: Run Behavior\ReadHtmlCacheBehavior [ RunTime:0.002181s ]
INFO: [ app_begin ] --END-- [ RunTime:0.002563s ]
SQL: SHOW COLUMNS FROM `blog_cate` [ RunTime:0.0135s ]
SQL: SELECT * FROM `blog_cate` ORDER BY sort desc  [ RunTime:0.0008s ]
SQL: SHOW COLUMNS FROM `blog_link` [ RunTime:0.0153s ]
SQL: SELECT * FROM `blog_link` ORDER BY sort desc  [ RunTime:0.0012s ]
SQL: SHOW COLUMNS FROM `blog_article` [ RunTime:0.0151s ]
SQL: SELECT * FROM `blog_article` ORDER BY time desc LIMIT 4   [ RunTime:0.0021s ]
SQL: SELECT COUNT(*) AS tp_count FROM `blog_article` LIMIT 1   [ RunTime:0.0007s ]
SQL: SELECT * FROM `blog_article` ORDER BY time asc LIMIT 0,5   [ RunTime:0.0014s ]
INFO: [ view_parse ] --START--
INFO: [ template_filter ] --START--
INFO: Run Behavior\ContentReplaceBehavior [ RunTime:0.001207s ]
INFO: [ template_filter ] --END-- [ RunTime:0.001825s ]
NOTIC: [8] Undefined variable: current C:\wamp\www\TP3.2Blog\App\Runtime\Cache\Home\cdac79174c15306e6d18489b52381cb2.php 第 46 行.
NOTIC: [8] Undefined variable: current C:\wamp\www\TP3.2Blog\App\Runtime\Cache\Home\cdac79174c15306e6d18489b52381cb2.php 第 46 行.
NOTIC: [8] Undefined variable: current C:\wamp\www\TP3.2Blog\App\Runtime\Cache\Home\cdac79174c15306e6d18489b52381cb2.php 第 46 行.
NOTIC: [8] Undefined variable: current C:\wamp\www\TP3.2Blog\App\Runtime\Cache\Home\cdac79174c15306e6d18489b52381cb2.php 第 46 行.
NOTIC: [8] Undefined variable: current C:\wamp\www\TP3.2Blog\App\Runtime\Cache\Home\cdac79174c15306e6d18489b52381cb2.php 第 46 行.
NOTIC: [8] Undefined variable: current C:\wamp\www\TP3.2Blog\App\Runtime\Cache\Home\cdac79174c15306e6d18489b52381cb2.php 第 46 行.
INFO: Run Behavior\ParseTemplateBehavior [ RunTime:0.071121s ]
INFO: [ view_parse ] --END-- [ RunTime:0.071623s ]
INFO: [ view_filter ] --START--
INFO: Run Behavior\WriteHtmlCacheBehavior [ RunTime:0.003922s ]
INFO: [ view_filter ] --END-- [ RunTime:0.004433s ]
INFO: [ app_end ] --START--
INFO: Run Behavior\ShowPageTraceBehavior [ RunTime:0.003520s ]
INFO: [ app_end ] --END-- [ RunTime:0.004048s ]

