[ 2018-01-14T20:43:07+08:00 ] ::1 /TP3.2Blog/
INFO: [ app_init ] --START--
INFO: Run Behavior\BuildLiteBehavior [ RunTime:0.000127s ]
INFO: [ app_init ] --END-- [ RunTime:0.012993s ]
INFO: [ app_begin ] --START--
INFO: Run Behavior\ReadHtmlCacheBehavior [ RunTime:0.007363s ]
INFO: [ app_begin ] --END-- [ RunTime:0.007816s ]
SQL: SHOW COLUMNS FROM `blog_cate` [ RunTime:0.0194s ]
SQL: SELECT * FROM `blog_cate` ORDER BY sort desc  [ RunTime:0.0437s ]
SQL: SHOW COLUMNS FROM `blog_link` [ RunTime:0.0190s ]
SQL: SELECT * FROM `blog_link` ORDER BY sort desc  [ RunTime:0.0157s ]
SQL: SHOW COLUMNS FROM `blog_article` [ RunTime:0.0313s ]
SQL: SELECT * FROM `blog_article` ORDER BY time desc LIMIT 4   [ RunTime:0.0393s ]
SQL: SELECT COUNT(*) AS tp_count FROM `blog_article` LIMIT 1   [ RunTime:0.0007s ]
SQL: SELECT * FROM `blog_article` ORDER BY time asc LIMIT 0,5   [ RunTime:0.0018s ]
INFO: [ view_parse ] --START--
INFO: [ template_filter ] --START--
INFO: Run Behavior\ContentReplaceBehavior [ RunTime:0.000374s ]
INFO: [ template_filter ] --END-- [ RunTime:0.000857s ]
NOTIC: [8] Undefined variable: current C:\wamp\www\TP3.2Blog\App\Runtime\Cache\Home\cdac79174c15306e6d18489b52381cb2.php 第 46 行.
NOTIC: [8] Undefined variable: current C:\wamp\www\TP3.2Blog\App\Runtime\Cache\Home\cdac79174c15306e6d18489b52381cb2.php 第 46 行.
NOTIC: [8] Undefined variable: current C:\wamp\www\TP3.2Blog\App\Runtime\Cache\Home\cdac79174c15306e6d18489b52381cb2.php 第 46 行.
NOTIC: [8] Undefined variable: current C:\wamp\www\TP3.2Blog\App\Runtime\Cache\Home\cdac79174c15306e6d18489b52381cb2.php 第 46 行.
NOTIC: [8] Undefined variable: current C:\wamp\www\TP3.2Blog\App\Runtime\Cache\Home\cdac79174c15306e6d18489b52381cb2.php 第 46 行.
NOTIC: [8] Undefined variable: current C:\wamp\www\TP3.2Blog\App\Runtime\Cache\Home\cdac79174c15306e6d18489b52381cb2.php 第 46 行.
INFO: Run Behavior\ParseTemplateBehavior [ RunTime:0.197696s ]
INFO: [ view_parse ] --END-- [ RunTime:0.198218s ]
INFO: [ view_filter ] --START--
INFO: Run Behavior\WriteHtmlCacheBehavior [ RunTime:0.020140s ]
INFO: [ view_filter ] --END-- [ RunTime:0.020564s ]
INFO: [ app_end ] --START--
INFO: Run Behavior\ShowPageTraceBehavior [ RunTime:0.003587s ]
INFO: [ app_end ] --END-- [ RunTime:0.005106s ]

[ 2018-01-14T20:43:53+08:00 ] ::1 /TP3.2Blog/
INFO: [ app_init ] --START--
INFO: Run Behavior\BuildLiteBehavior [ RunTime:0.000094s ]
INFO: [ app_init ] --END-- [ RunTime:0.002220s ]
INFO: [ app_begin ] --START--
INFO: Run Behavior\ReadHtmlCacheBehavior [ RunTime:0.004707s ]
INFO: [ app_begin ] --END-- [ RunTime:0.005205s ]
SQL: SHOW COLUMNS FROM `blog_cate` [ RunTime:0.0160s ]
SQL: SELECT * FROM `blog_cate` ORDER BY sort desc  [ RunTime:0.0009s ]
SQL: SHOW COLUMNS FROM `blog_link` [ RunTime:0.0171s ]
SQL: SELECT * FROM `blog_link` ORDER BY sort desc  [ RunTime:0.0010s ]
SQL: SHOW COLUMNS FROM `blog_article` [ RunTime:0.0187s ]
SQL: SELECT * FROM `blog_article` ORDER BY time desc LIMIT 4   [ RunTime:0.0019s ]
SQL: SELECT COUNT(*) AS tp_count FROM `blog_article` LIMIT 1   [ RunTime:0.0008s ]
SQL: SELECT * FROM `blog_article` ORDER BY time asc LIMIT 0,5   [ RunTime:0.0015s ]
INFO: [ view_parse ] --START--
INFO: [ template_filter ] --START--
INFO: Run Behavior\ContentReplaceBehavior [ RunTime:0.000409s ]
INFO: [ template_filter ] --END-- [ RunTime:0.000861s ]
NOTIC: [8] Undefined variable: current C:\wamp\www\TP3.2Blog\App\Runtime\Cache\Home\cdac79174c15306e6d18489b52381cb2.php 第 46 行.
NOTIC: [8] Undefined variable: current C:\wamp\www\TP3.2Blog\App\Runtime\Cache\Home\cdac79174c15306e6d18489b52381cb2.php 第 46 行.
NOTIC: [8] Undefined variable: current C:\wamp\www\TP3.2Blog\App\Runtime\Cache\Home\cdac79174c15306e6d18489b52381cb2.php 第 46 行.
NOTIC: [8] Undefined variable: current C:\wamp\www\TP3.2Blog\App\Runtime\Cache\Home\cdac79174c15306e6d18489b52381cb2.php 第 46 行.
NOTIC: [8] Undefined variable: current C:\wamp\www\TP3.2Blog\App\Runtime\Cache\Home\cdac79174c15306e6d18489b52381cb2.php 第 46 行.
NOTIC: [8] Undefined variable: current C:\wamp\www\TP3.2Blog\App\Runtime\Cache\Home\cdac79174c15306e6d18489b52381cb2.php 第 46 行.
INFO: Run Behavior\ParseTemplateBehavior [ RunTime:0.079663s ]
INFO: [ view_parse ] --END-- [ RunTime:0.080039s ]
INFO: [ view_filter ] --START--
INFO: Run Behavior\WriteHtmlCacheBehavior [ RunTime:0.002133s ]
INFO: [ view_filter ] --END-- [ RunTime:0.002522s ]
INFO: [ app_end ] --START--
INFO: Run Behavior\ShowPageTraceBehavior [ RunTime:0.003237s ]
INFO: [ app_end ] --END-- [ RunTime:0.003701s ]

