[ 2018-02-21T19:03:01+08:00 ] ::1 /TP3.2Blog/
INFO: [ app_init ] --START--
INFO: Run Behavior\BuildLiteBehavior [ RunTime:0.000188s ]
INFO: [ app_init ] --END-- [ RunTime:0.014160s ]
INFO: [ app_begin ] --START--
INFO: Run Behavior\ReadHtmlCacheBehavior [ RunTime:0.010645s ]
INFO: [ app_begin ] --END-- [ RunTime:0.011510s ]
SQL: SHOW COLUMNS FROM `blog_cate` [ RunTime:0.0718s ]
SQL: SELECT * FROM `blog_cate` ORDER BY sort desc  [ RunTime:0.0015s ]
SQL: SHOW COLUMNS FROM `blog_link` [ RunTime:0.0349s ]
SQL: SELECT * FROM `blog_link` ORDER BY sort desc  [ RunTime:0.0015s ]
SQL: SHOW COLUMNS FROM `blog_article` [ RunTime:0.0753s ]
SQL: SELECT * FROM `blog_article` ORDER BY time desc LIMIT 4   [ RunTime:0.0364s ]
SQL: SELECT COUNT(*) AS tp_count FROM `blog_article` LIMIT 1   [ RunTime:0.0009s ]
SQL: SELECT * FROM `blog_article` ORDER BY time asc LIMIT 0,5   [ RunTime:0.0029s ]
INFO: [ view_parse ] --START--
INFO: [ template_filter ] --START--
INFO: Run Behavior\ContentReplaceBehavior [ RunTime:0.000743s ]
INFO: [ template_filter ] --END-- [ RunTime:0.001575s ]
NOTIC: [8] Undefined variable: current C:\wamp\www\TP3.2Blog\App\Runtime\Cache\Home\cdac79174c15306e6d18489b52381cb2.php 第 46 行.
NOTIC: [8] Undefined variable: current C:\wamp\www\TP3.2Blog\App\Runtime\Cache\Home\cdac79174c15306e6d18489b52381cb2.php 第 46 行.
NOTIC: [8] Undefined variable: current C:\wamp\www\TP3.2Blog\App\Runtime\Cache\Home\cdac79174c15306e6d18489b52381cb2.php 第 46 行.
NOTIC: [8] Undefined variable: current C:\wamp\www\TP3.2Blog\App\Runtime\Cache\Home\cdac79174c15306e6d18489b52381cb2.php 第 46 行.
NOTIC: [8] Undefined variable: current C:\wamp\www\TP3.2Blog\App\Runtime\Cache\Home\cdac79174c15306e6d18489b52381cb2.php 第 46 行.
NOTIC: [8] Undefined variable: current C:\wamp\www\TP3.2Blog\App\Runtime\Cache\Home\cdac79174c15306e6d18489b52381cb2.php 第 46 行.
INFO: Run Behavior\ParseTemplateBehavior [ RunTime:0.333204s ]
INFO: [ view_parse ] --END-- [ RunTime:0.334028s ]
INFO: [ view_filter ] --START--
INFO: Run Behavior\WriteHtmlCacheBehavior [ RunTime:0.017985s ]
INFO: [ view_filter ] --END-- [ RunTime:0.018792s ]
INFO: [ app_end ] --START--
INFO: Run Behavior\ShowPageTraceBehavior [ RunTime:0.005296s ]
INFO: [ app_end ] --END-- [ RunTime:0.006120s ]

